Using pre-set license
Built from '2021.3/staging' branch; Version is '2021.3.2f1 (d6360bedb9a0) revision 14038539'; Using compiler version '192829333'; Build Type 'Release'
OS: 'Windows 11  (10.0.22621) 64bit Core' Language: 'es' Physical Memory: 16005 MB
BatchMode: 1, IsHumanControllingUs: 0, StartBugReporterOnCrash: 0, Is64bit: 1, IsPro: 1

COMMAND LINE ARGUMENTS:
C:\Program Files\Unity 2021.3.2f1\Editor\Unity.exe
-adb2
-batchMode
-noUpm
-name
AssetImportWorker4
-projectPath
C:/Users/lyrax/OneDrive/Escritorio/jueguito/DungeonHeroes
-logFile
Logs/AssetImportWorker4.log
-srvPort
60833
Successfully changed project path to: C:/Users/lyrax/OneDrive/Escritorio/jueguito/DungeonHeroes
C:/Users/lyrax/OneDrive/Escritorio/jueguito/DungeonHeroes
[UnityMemory] Configuration Parameters - Can be set up in boot.config
    "memorysetup-bucket-allocator-granularity=16"
    "memorysetup-bucket-allocator-bucket-count=8"
    "memorysetup-bucket-allocator-block-size=33554432"
    "memorysetup-bucket-allocator-block-count=8"
    "memorysetup-main-allocator-block-size=16777216"
    "memorysetup-thread-allocator-block-size=16777216"
    "memorysetup-gfx-main-allocator-block-size=16777216"
    "memorysetup-gfx-thread-allocator-block-size=16777216"
    "memorysetup-cache-allocator-block-size=4194304"
    "memorysetup-typetree-allocator-block-size=2097152"
    "memorysetup-profiler-bucket-allocator-granularity=16"
    "memorysetup-profiler-bucket-allocator-bucket-count=8"
    "memorysetup-profiler-bucket-allocator-block-size=33554432"
    "memorysetup-profiler-bucket-allocator-block-count=8"
    "memorysetup-profiler-allocator-block-size=16777216"
    "memorysetup-profiler-editor-allocator-block-size=1048576"
    "memorysetup-temp-allocator-size-main=16777216"
    "memorysetup-job-temp-allocator-block-size=2097152"
    "memorysetup-job-temp-allocator-block-size-background=1048576"
    "memorysetup-job-temp-allocator-reduction-small-platforms=262144"
    "memorysetup-temp-allocator-size-background-worker=32768"
    "memorysetup-temp-allocator-size-job-worker=262144"
    "memorysetup-temp-allocator-size-preload-manager=33554432"
    "memorysetup-temp-allocator-size-nav-mesh-worker=65536"
    "memorysetup-temp-allocator-size-audio-worker=65536"
    "memorysetup-temp-allocator-size-cloud-worker=32768"
    "memorysetup-temp-allocator-size-gi-baking-worker=262144"
    "memorysetup-temp-allocator-size-gfx=262144"
Refreshing native plugins compatible for Editor in 72.67 ms, found 4 plugins.
Preloading 0 native plugins for Editor in 0.00 ms.
Initialize engine version: 2021.3.2f1 (d6360bedb9a0)
[Subsystems] Discovering subsystems at path C:/Program Files/Unity 2021.3.2f1/Editor/Data/Resources/UnitySubsystems
[Subsystems] Discovering subsystems at path C:/Users/lyrax/OneDrive/Escritorio/jueguito/DungeonHeroes/Assets
GfxDevice: creating device client; threaded=0; jobified=0
Direct3D:
    Version:  Direct3D 11.0 [level 11.1]
    Renderer: NVIDIA GeForce RTX 3060 Laptop GPU (ID=0x2520)
    Vendor:   NVIDIA
    VRAM:     6023 MB
    Driver:   30.0.15.1278
Initialize mono
Mono path[0] = 'C:/Program Files/Unity 2021.3.2f1/Editor/Data/Managed'
Mono path[1] = 'C:/Program Files/Unity 2021.3.2f1/Editor/Data/MonoBleedingEdge/lib/mono/unityjit-win32'
Mono config path = 'C:/Program Files/Unity 2021.3.2f1/Editor/Data/MonoBleedingEdge/etc'
Using monoOptions --debugger-agent=transport=dt_socket,embedding=1,server=y,suspend=n,address=127.0.0.1:56460
Begin MonoManager ReloadAssembly
Registering precompiled unity dll's ...
Register platform support module: C:/Program Files/Unity 2021.3.2f1/Editor/Data/PlaybackEngines/WindowsStandaloneSupport/UnityEditor.WindowsStandalone.Extensions.dll
Registered in 0.003160 seconds.
Native extension for WindowsStandalone target not found
Refreshing native plugins compatible for Editor in 57.33 ms, found 4 plugins.
Preloading 0 native plugins for Editor in 0.00 ms.
Mono: successfully reloaded assembly
- Completed reload, in  0.461 seconds
Domain Reload Profiling:
	ReloadAssembly (461ms)
		BeginReloadAssembly (62ms)
			ExecutionOrderSort (0ms)
			DisableScriptedObjects (0ms)
			BackupInstance (0ms)
			ReleaseScriptingObjects (0ms)
			CreateAndSetChildDomain (1ms)
		EndReloadAssembly (319ms)
			LoadAssemblies (60ms)
			RebuildTransferFunctionScriptingTraits (0ms)
			SetupTypeCache (71ms)
			ReleaseScriptCaches (0ms)
			RebuildScriptCaches (19ms)
			SetupLoadedEditorAssemblies (192ms)
				LogAssemblyErrors (0ms)
				InitializePlatformSupportModulesInManaged (5ms)
				SetLoadedEditorAssemblies (0ms)
				RefreshPlugins (57ms)
				BeforeProcessingInitializeOnLoad (1ms)
				ProcessInitializeOnLoadAttributes (98ms)
				ProcessInitializeOnLoadMethodAttributes (30ms)
				AfterProcessingInitializeOnLoad (0ms)
				EditorAssembliesLoaded (0ms)
			ExecutionOrderSort2 (0ms)
			AwakeInstancesAfterBackupRestoration (0ms)
Platform modules already initialized, skipping
Registering precompiled user dll's ...
Registered in 0.006812 seconds.
Begin MonoManager ReloadAssembly
Symbol file LoadedFromMemory doesn't match image C:\Users\lyrax\OneDrive\Escritorio\jueguito\DungeonHeroes\Library\PackageCache\com.unity.visualscripting@1.7.6\Editor\VisualScripting.Core\Dependencies\YamlDotNet\Unity.VisualScripting.YamlDotNet.dll
Symbol file LoadedFromMemory doesn't match image C:\Users\lyrax\OneDrive\Escritorio\jueguito\DungeonHeroes\Library\PackageCache\com.unity.visualscripting@1.7.6\Editor\VisualScripting.Core\Dependencies\DotNetZip\Unity.VisualScripting.IonicZip.dll
Native extension for WindowsStandalone target not found
Refreshing native plugins compatible for Editor in 55.01 ms, found 4 plugins.
Preloading 0 native plugins for Editor in 0.00 ms.
Mono: successfully reloaded assembly
- Completed reload, in  0.849 seconds
Domain Reload Profiling:
	ReloadAssembly (849ms)
		BeginReloadAssembly (79ms)
			ExecutionOrderSort (0ms)
			DisableScriptedObjects (4ms)
			BackupInstance (0ms)
			ReleaseScriptingObjects (0ms)
			CreateAndSetChildDomain (14ms)
		EndReloadAssembly (688ms)
			LoadAssemblies (75ms)
			RebuildTransferFunctionScriptingTraits (0ms)
			SetupTypeCache (155ms)
			ReleaseScriptCaches (0ms)
			RebuildScriptCaches (42ms)
			SetupLoadedEditorAssemblies (367ms)
				LogAssemblyErrors (0ms)
				InitializePlatformSupportModulesInManaged (3ms)
				SetLoadedEditorAssemblies (0ms)
				RefreshPlugins (55ms)
				BeforeProcessingInitializeOnLoad (71ms)
				ProcessInitializeOnLoadAttributes (192ms)
				ProcessInitializeOnLoadMethodAttributes (41ms)
				AfterProcessingInitializeOnLoad (5ms)
				EditorAssembliesLoaded (0ms)
			ExecutionOrderSort2 (0ms)
			AwakeInstancesAfterBackupRestoration (5ms)
Platform modules already initialized, skipping
========================================================================
Worker process is ready to serve import requests
Launched and connected shader compiler UnityShaderCompiler.exe after 0.05 seconds
Refreshing native plugins compatible for Editor in 0.52 ms, found 4 plugins.
Preloading 0 native plugins for Editor in 0.00 ms.
Unloading 4100 Unused Serialized files (Serialized files now loaded: 0)
Unloading 37 unused Assets / (56.1 KB). Loaded Objects now: 4559.
Memory consumption went from 154.4 MB to 154.4 MB.
Total: 2.874600 ms (FindLiveObjects: 0.220100 ms CreateObjectMapping: 0.118600 ms MarkObjects: 2.434800 ms  DeleteObjects: 0.100100 ms)

AssetImportParameters requested are different than current active one (requested -> active):
  custom:video-decoder-ogg-theora: a1e56fd34408186e4bbccfd4996cb3dc -> 
  custom:container-muxer-webm: aa71ff27fc2769a1b78a27578f13a17b -> 
  custom:container-demuxer-webm: 4f35f7cbe854078d1ac9338744f61a02 -> 
  custom:video-encoder-webm-vp8: eb34c28f22e8b96e1ab97ce403110664 -> 
  custom:video-codec-MediaFoundation-h265: 746d11721c4dcdbdad8f713fa42b33f4 -> 
  custom:audio-encoder-webm-vorbis: bf7c407c2cedff20999df2af8eb42d56 -> 
  custom:framework-win-MediaFoundation: 216162199b28c13a410421893ffa2e32 -> 
  custom:container-demuxer-ogg: 62fdf1f143b41e24485cea50d1cbac27 -> 
  custom:video-decoder-webm-vp8: 9c59270c3fd7afecdb556c50c9e8de78 -> 
  custom:audio-decoder-ogg-vorbis: bf7c407c2cedff20999df2af8eb42d56 -> 
========================================================================
Received Import Request.
  Time since last request: 1572718.969824 seconds.
  path: Assets/Prefabs/Interfaz Mejoras Tienda.prefab
  artifactKey: Guid(fe98022e042fa2540ba7c89e99430352) Importer(815301076,1909f56bfc062723c751e8b465ee728b)
Start importing Assets/Prefabs/Interfaz Mejoras Tienda.prefab using Guid(fe98022e042fa2540ba7c89e99430352) Importer(815301076,1909f56bfc062723c751e8b465ee728b)  -> (artifact id: '9f0ac017f7463e5b44e79e36baffeaf7') in 0.098715 seconds 
========================================================================
Received Import Request.
  Time since last request: 527.796929 seconds.
  path: Assets/Sprites/Personajes/Arquero/Arquero.png
  artifactKey: Guid(6a69d60e7e510224db748269c436522e) Importer(815301076,1909f56bfc062723c751e8b465ee728b)
Start importing Assets/Sprites/Personajes/Arquero/Arquero.png using Guid(6a69d60e7e510224db748269c436522e) Importer(815301076,1909f56bfc062723c751e8b465ee728b)  -> (artifact id: '4bc3b655ea39fdcc4daf2ab4a10be7ea') in 0.052825 seconds 
========================================================================
Received Import Request.
  Time since last request: 0.000024 seconds.
  path: Assets/Sprites/Personajes/Arquero/Arquero-Daño 64x64.png
  artifactKey: Guid(95322321d46b74b409452d24629b328b) Importer(815301076,1909f56bfc062723c751e8b465ee728b)
Start importing Assets/Sprites/Personajes/Arquero/Arquero-Daño 64x64.png using Guid(95322321d46b74b409452d24629b328b) Importer(815301076,1909f56bfc062723c751e8b465ee728b)  -> (artifact id: 'f95befc829f6d3974b02460a0aadace6') in 0.026674 seconds 
========================================================================
Received Import Request.
  Time since last request: 1.300933 seconds.
  path: Assets/Sprites/Personajes/Arquero/Arquero-Idle 64x64.png
  artifactKey: Guid(7af3bf94a6b254b4d9f94ac0e4b2bec9) Importer(815301076,1909f56bfc062723c751e8b465ee728b)
Start importing Assets/Sprites/Personajes/Arquero/Arquero-Idle 64x64.png using Guid(7af3bf94a6b254b4d9f94ac0e4b2bec9) Importer(815301076,1909f56bfc062723c751e8b465ee728b)  -> (artifact id: '9b5cfae6a8fc9f643eb6b93ca5b86ffb') in 0.031835 seconds 
========================================================================
Received Import Request.
  Time since last request: 27.735040 seconds.
  path: Assets/Sprites/Personajes/Bruja/Bruja.png
  artifactKey: Guid(3cde3102a022caa4890483c9c1d37886) Importer(815301076,1909f56bfc062723c751e8b465ee728b)
Start importing Assets/Sprites/Personajes/Bruja/Bruja.png using Guid(3cde3102a022caa4890483c9c1d37886) Importer(815301076,1909f56bfc062723c751e8b465ee728b)  -> (artifact id: '698b6d9642336142e32f3abb4a87dfc8') in 0.018285 seconds 
========================================================================
Received Import Request.
  Time since last request: 0.000018 seconds.
  path: Assets/Sprites/Personajes/Bruja/BRUJA-DAÑO.png
  artifactKey: Guid(c2e3c8ba0d494e744bd192fa857e583f) Importer(815301076,1909f56bfc062723c751e8b465ee728b)
Start importing Assets/Sprites/Personajes/Bruja/BRUJA-DAÑO.png using Guid(c2e3c8ba0d494e744bd192fa857e583f) Importer(815301076,1909f56bfc062723c751e8b465ee728b)  -> (artifact id: 'e8c5875b0eb6cd561ec157d93c3dce3c') in 0.021935 seconds 
========================================================================
Received Import Request.
  Time since last request: 0.032450 seconds.
  path: Assets/Sprites/Personajes/Bruja/BRUJA-IDLE.png
  artifactKey: Guid(5324a5da5cb9c704494312915d5996a9) Importer(815301076,1909f56bfc062723c751e8b465ee728b)
Start importing Assets/Sprites/Personajes/Bruja/BRUJA-IDLE.png using Guid(5324a5da5cb9c704494312915d5996a9) Importer(815301076,1909f56bfc062723c751e8b465ee728b)  -> (artifact id: '881fb1d1d740b619cd623795ddfbbd7d') in 0.027967 seconds 
========================================================================
Received Import Request.
  Time since last request: 0.000016 seconds.
  path: Assets/Sprites/Interfaz Personajes/corazon.png
  artifactKey: Guid(67d6674f22c8b23448054bd7e9b66763) Importer(815301076,1909f56bfc062723c751e8b465ee728b)
Start importing Assets/Sprites/Interfaz Personajes/corazon.png using Guid(67d6674f22c8b23448054bd7e9b66763) Importer(815301076,1909f56bfc062723c751e8b465ee728b)  -> (artifact id: '6800d97574981229f46f7c5f8a89d780') in 0.020478 seconds 
========================================================================
Received Import Request.
  Time since last request: 2.706081 seconds.
  path: Assets/Sprites/Main Menu/Esc Key.png
  artifactKey: Guid(c0b8c84cdf5d9814c9a4b5533f4afc52) Importer(815301076,1909f56bfc062723c751e8b465ee728b)
Start importing Assets/Sprites/Main Menu/Esc Key.png using Guid(c0b8c84cdf5d9814c9a4b5533f4afc52) Importer(815301076,1909f56bfc062723c751e8b465ee728b)  -> (artifact id: '6e5f171434b79e78f0a939437c1206a0') in 0.027411 seconds 
========================================================================
Received Import Request.
  Time since last request: 0.049815 seconds.
  path: Assets/Sprites/Personajes/Hada/Hada.png
  artifactKey: Guid(0ba249e0f19b5d5498bcb439284b3b23) Importer(815301076,1909f56bfc062723c751e8b465ee728b)
Start importing Assets/Sprites/Personajes/Hada/Hada.png using Guid(0ba249e0f19b5d5498bcb439284b3b23) Importer(815301076,1909f56bfc062723c751e8b465ee728b)  -> (artifact id: 'b8ab5416804727db5d9f165c4e9ee842') in 0.024792 seconds 
========================================================================
Received Import Request.
  Time since last request: 0.000021 seconds.
  path: Assets/Sprites/Personajes/Hada/HADA-DAÑO.png
  artifactKey: Guid(e5baaac44a740754c9771b1e659cdefb) Importer(815301076,1909f56bfc062723c751e8b465ee728b)
Start importing Assets/Sprites/Personajes/Hada/HADA-DAÑO.png using Guid(e5baaac44a740754c9771b1e659cdefb) Importer(815301076,1909f56bfc062723c751e8b465ee728b)  -> (artifact id: '823cb6a1599783555255f15582cca1f7') in 0.022186 seconds 
========================================================================
Received Import Request.
  Time since last request: 0.043467 seconds.
  path: Assets/Sprites/Personajes/Hada/HADA-IDLE.png
  artifactKey: Guid(db56760b35f828e4382549bf14fcecd3) Importer(815301076,1909f56bfc062723c751e8b465ee728b)
Start importing Assets/Sprites/Personajes/Hada/HADA-IDLE.png using Guid(db56760b35f828e4382549bf14fcecd3) Importer(815301076,1909f56bfc062723c751e8b465ee728b)  -> (artifact id: 'e43f2f70a1e1264073a4a37f14bc988c') in 0.025834 seconds 
========================================================================
Received Import Request.
  Time since last request: 0.000465 seconds.
  path: Assets/Interfaz Mejoras Tienda.png
  artifactKey: Guid(fe3aef29b9a87554db36a28c259e6093) Importer(815301076,1909f56bfc062723c751e8b465ee728b)
Start importing Assets/Interfaz Mejoras Tienda.png using Guid(fe3aef29b9a87554db36a28c259e6093) Importer(815301076,1909f56bfc062723c751e8b465ee728b)  -> (artifact id: '3729b33df76fbe5ba58d157750773795') in 0.018416 seconds 
========================================================================
Received Import Request.
  Time since last request: 0.000021 seconds.
  path: Assets/Sprites/Main Menu/Mouse.png
  artifactKey: Guid(188ef622a25e1644f8d5a4296e20b295) Importer(815301076,1909f56bfc062723c751e8b465ee728b)
Start importing Assets/Sprites/Main Menu/Mouse.png using Guid(188ef622a25e1644f8d5a4296e20b295) Importer(815301076,1909f56bfc062723c751e8b465ee728b)  -> (artifact id: '22e5783710eaa0b9e081218bfa70d087') in 0.024809 seconds 
========================================================================
Received Import Request.
  Time since last request: 0.002251 seconds.
  path: Assets/Sprites/Básicas/CharacterBattleInfo.png
  artifactKey: Guid(016579b13a3bb564b9b88c2c73ff7e8a) Importer(815301076,1909f56bfc062723c751e8b465ee728b)
Start importing Assets/Sprites/Básicas/CharacterBattleInfo.png using Guid(016579b13a3bb564b9b88c2c73ff7e8a) Importer(815301076,1909f56bfc062723c751e8b465ee728b)  -> (artifact id: 'dd2fd9be0df67bb6cee523246714a995') in 0.026233 seconds 
========================================================================
Received Import Request.
  Time since last request: 0.000021 seconds.
  path: Assets/Sprites/Básicas/Square.png
  artifactKey: Guid(a3e0182b6a5680b45b257c74f5f56e83) Importer(815301076,1909f56bfc062723c751e8b465ee728b)
Start importing Assets/Sprites/Básicas/Square.png using Guid(a3e0182b6a5680b45b257c74f5f56e83) Importer(815301076,1909f56bfc062723c751e8b465ee728b)  -> (artifact id: 'dfbf78ac875c65bc4f78fe76e429585f') in 0.019908 seconds 
Editor requested this worker to shutdown with reason: Scaling down because of idle timeout
AssetImportWorker is now disconnected from the server
Process exiting
Exiting without the bug reporter. Application will terminate with return code 0