Using pre-set license
Built from '2021.3/staging' branch; Version is '2021.3.2f1 (d6360bedb9a0) revision 14038539'; Using compiler version '192829333'; Build Type 'Release'
OS: 'Windows 11  (10.0.22621) 64bit Core' Language: 'es' Physical Memory: 32476 MB
BatchMode: 1, IsHumanControllingUs: 0, StartBugReporterOnCrash: 0, Is64bit: 1, IsPro: 1

COMMAND LINE ARGUMENTS:
C:\Program Files\Unity\Hub\Editor\2021.3.2f1\Editor\Unity.exe
-adb2
-batchMode
-noUpm
-name
AssetImportWorker13
-projectPath
C:/Users/xcana/Documents/GitHub/DungeonHeroes
-logFile
Logs/AssetImportWorker13.log
-srvPort
52370
Successfully changed project path to: C:/Users/xcana/Documents/GitHub/DungeonHeroes
C:/Users/xcana/Documents/GitHub/DungeonHeroes
[UnityMemory] Configuration Parameters - Can be set up in boot.config
    "memorysetup-bucket-allocator-granularity=16"
    "memorysetup-bucket-allocator-bucket-count=8"
    "memorysetup-bucket-allocator-block-size=33554432"
    "memorysetup-bucket-allocator-block-count=8"
    "memorysetup-main-allocator-block-size=16777216"
    "memorysetup-thread-allocator-block-size=16777216"
    "memorysetup-gfx-main-allocator-block-size=16777216"
    "memorysetup-gfx-thread-allocator-block-size=16777216"
    "memorysetup-cache-allocator-block-size=4194304"
    "memorysetup-typetree-allocator-block-size=2097152"
    "memorysetup-profiler-bucket-allocator-granularity=16"
    "memorysetup-profiler-bucket-allocator-bucket-count=8"
    "memorysetup-profiler-bucket-allocator-block-size=33554432"
    "memorysetup-profiler-bucket-allocator-block-count=8"
    "memorysetup-profiler-allocator-block-size=16777216"
    "memorysetup-profiler-editor-allocator-block-size=1048576"
    "memorysetup-temp-allocator-size-main=16777216"
    "memorysetup-job-temp-allocator-block-size=2097152"
    "memorysetup-job-temp-allocator-block-size-background=1048576"
    "memorysetup-job-temp-allocator-reduction-small-platforms=262144"
    "memorysetup-temp-allocator-size-background-worker=32768"
    "memorysetup-temp-allocator-size-job-worker=262144"
    "memorysetup-temp-allocator-size-preload-manager=33554432"
    "memorysetup-temp-allocator-size-nav-mesh-worker=65536"
    "memorysetup-temp-allocator-size-audio-worker=65536"
    "memorysetup-temp-allocator-size-cloud-worker=32768"
    "memorysetup-temp-allocator-size-gi-baking-worker=262144"
    "memorysetup-temp-allocator-size-gfx=262144"
Refreshing native plugins compatible for Editor in 58.60 ms, found 4 plugins.
Preloading 0 native plugins for Editor in 0.00 ms.
Initialize engine version: 2021.3.2f1 (d6360bedb9a0)
[Subsystems] Discovering subsystems at path C:/Program Files/Unity/Hub/Editor/2021.3.2f1/Editor/Data/Resources/UnitySubsystems
[Subsystems] Discovering subsystems at path C:/Users/xcana/Documents/GitHub/DungeonHeroes/Assets
GfxDevice: creating device client; threaded=0; jobified=0
Direct3D:
    Version:  Direct3D 11.0 [level 11.1]
    Renderer: NVIDIA GeForce RTX 3090 (ID=0x2204)
    Vendor:   NVIDIA
    VRAM:     24348 MB
    Driver:   30.0.15.1215
Initialize mono
Mono path[0] = 'C:/Program Files/Unity/Hub/Editor/2021.3.2f1/Editor/Data/Managed'
Mono path[1] = 'C:/Program Files/Unity/Hub/Editor/2021.3.2f1/Editor/Data/MonoBleedingEdge/lib/mono/unityjit-win32'
Mono config path = 'C:/Program Files/Unity/Hub/Editor/2021.3.2f1/Editor/Data/MonoBleedingEdge/etc'
Using monoOptions --debugger-agent=transport=dt_socket,embedding=1,server=y,suspend=n,address=127.0.0.1:56448
Begin MonoManager ReloadAssembly
Registering precompiled unity dll's ...
Register platform support module: C:/Program Files/Unity/Hub/Editor/2021.3.2f1/Editor/Data/PlaybackEngines/WindowsStandaloneSupport/UnityEditor.WindowsStandalone.Extensions.dll
Registered in 0.002275 seconds.
Native extension for WindowsStandalone target not found
Refreshing native plugins compatible for Editor in 50.82 ms, found 4 plugins.
Preloading 0 native plugins for Editor in 0.00 ms.
Mono: successfully reloaded assembly
- Completed reload, in  0.381 seconds
Domain Reload Profiling:
	ReloadAssembly (381ms)
		BeginReloadAssembly (41ms)
			ExecutionOrderSort (0ms)
			DisableScriptedObjects (0ms)
			BackupInstance (0ms)
			ReleaseScriptingObjects (0ms)
			CreateAndSetChildDomain (0ms)
		EndReloadAssembly (277ms)
			LoadAssemblies (40ms)
			RebuildTransferFunctionScriptingTraits (0ms)
			SetupTypeCache (58ms)
			ReleaseScriptCaches (0ms)
			RebuildScriptCaches (15ms)
			SetupLoadedEditorAssemblies (174ms)
				LogAssemblyErrors (0ms)
				InitializePlatformSupportModulesInManaged (4ms)
				SetLoadedEditorAssemblies (0ms)
				RefreshPlugins (51ms)
				BeforeProcessingInitializeOnLoad (1ms)
				ProcessInitializeOnLoadAttributes (88ms)
				ProcessInitializeOnLoadMethodAttributes (30ms)
				AfterProcessingInitializeOnLoad (0ms)
				EditorAssembliesLoaded (0ms)
			ExecutionOrderSort2 (0ms)
			AwakeInstancesAfterBackupRestoration (0ms)
Platform modules already initialized, skipping
Registering precompiled user dll's ...
Registered in 0.003662 seconds.
Begin MonoManager ReloadAssembly
Symbol file LoadedFromMemory doesn't match image C:\Users\xcana\Documents\GitHub\DungeonHeroes\Library\PackageCache\com.unity.visualscripting@1.7.6\Editor\VisualScripting.Core\Dependencies\YamlDotNet\Unity.VisualScripting.YamlDotNet.dll
Symbol file LoadedFromMemory doesn't match image C:\Users\xcana\Documents\GitHub\DungeonHeroes\Library\PackageCache\com.unity.visualscripting@1.7.6\Editor\VisualScripting.Core\Dependencies\DotNetZip\Unity.VisualScripting.IonicZip.dll
Native extension for WindowsStandalone target not found
Refreshing native plugins compatible for Editor in 66.52 ms, found 4 plugins.
Preloading 0 native plugins for Editor in 0.00 ms.
Mono: successfully reloaded assembly
- Completed reload, in  0.842 seconds
Domain Reload Profiling:
	ReloadAssembly (843ms)
		BeginReloadAssembly (68ms)
			ExecutionOrderSort (0ms)
			DisableScriptedObjects (3ms)
			BackupInstance (0ms)
			ReleaseScriptingObjects (0ms)
			CreateAndSetChildDomain (14ms)
		EndReloadAssembly (698ms)
			LoadAssemblies (52ms)
			RebuildTransferFunctionScriptingTraits (0ms)
			SetupTypeCache (222ms)
			ReleaseScriptCaches (0ms)
			RebuildScriptCaches (44ms)
			SetupLoadedEditorAssemblies (334ms)
				LogAssemblyErrors (0ms)
				InitializePlatformSupportModulesInManaged (3ms)
				SetLoadedEditorAssemblies (0ms)
				RefreshPlugins (67ms)
				BeforeProcessingInitializeOnLoad (58ms)
				ProcessInitializeOnLoadAttributes (169ms)
				ProcessInitializeOnLoadMethodAttributes (34ms)
				AfterProcessingInitializeOnLoad (4ms)
				EditorAssembliesLoaded (0ms)
			ExecutionOrderSort2 (0ms)
			AwakeInstancesAfterBackupRestoration (4ms)
Platform modules already initialized, skipping
========================================================================
Worker process is ready to serve import requests
Launched and connected shader compiler UnityShaderCompiler.exe after 0.05 seconds
Refreshing native plugins compatible for Editor in 0.72 ms, found 4 plugins.
Preloading 0 native plugins for Editor in 0.00 ms.
Unloading 4092 Unused Serialized files (Serialized files now loaded: 0)
Unloading 37 unused Assets / (55.7 KB). Loaded Objects now: 4550.
Memory consumption went from 153.9 MB to 153.9 MB.
Total: 2.820300 ms (FindLiveObjects: 0.209900 ms CreateObjectMapping: 0.108300 ms MarkObjects: 2.422100 ms  DeleteObjects: 0.078800 ms)

AssetImportParameters requested are different than current active one (requested -> active):
  custom:video-decoder-ogg-theora: a1e56fd34408186e4bbccfd4996cb3dc -> 
  custom:container-muxer-webm: aa71ff27fc2769a1b78a27578f13a17b -> 
  custom:container-demuxer-webm: 4f35f7cbe854078d1ac9338744f61a02 -> 
  custom:video-encoder-webm-vp8: eb34c28f22e8b96e1ab97ce403110664 -> 
  custom:audio-encoder-webm-vorbis: bf7c407c2cedff20999df2af8eb42d56 -> 
  custom:framework-win-MediaFoundation: 216162199b28c13a410421893ffa2e32 -> 
  custom:container-demuxer-ogg: 62fdf1f143b41e24485cea50d1cbac27 -> 
  custom:video-decoder-webm-vp8: 9c59270c3fd7afecdb556c50c9e8de78 -> 
  custom:audio-decoder-ogg-vorbis: bf7c407c2cedff20999df2af8eb42d56 -> 
========================================================================
Received Import Request.
  Time since last request: 19240.207223 seconds.
  path: Assets/Prefabs/VictoriaDerrota Button.prefab
  artifactKey: Guid(2b19f66be6590c24d995ae50db7941e5) Importer(815301076,1909f56bfc062723c751e8b465ee728b)
Start importing Assets/Prefabs/VictoriaDerrota Button.prefab using Guid(2b19f66be6590c24d995ae50db7941e5) Importer(815301076,1909f56bfc062723c751e8b465ee728b)  -> (artifact id: '374ece2a60f925e1bc295fd3ed7c3c7d') in 0.032363 seconds 
========================================================================
Received Import Request.
  Time since last request: 12.457950 seconds.
  path: Assets/Prefabs/VictoriaDerrota Button.prefab
  artifactKey: Guid(2b19f66be6590c24d995ae50db7941e5) Importer(815301076,1909f56bfc062723c751e8b465ee728b)
Start importing Assets/Prefabs/VictoriaDerrota Button.prefab using Guid(2b19f66be6590c24d995ae50db7941e5) Importer(815301076,1909f56bfc062723c751e8b465ee728b)  -> (artifact id: '829e8a34267f2bb3d485e54371846626') in 0.003342 seconds 
========================================================================
Received Import Request.
  Time since last request: 2.013753 seconds.
  path: Assets/Prefabs/VictoriaDerrota Button.prefab
  artifactKey: Guid(2b19f66be6590c24d995ae50db7941e5) Importer(815301076,1909f56bfc062723c751e8b465ee728b)
Start importing Assets/Prefabs/VictoriaDerrota Button.prefab using Guid(2b19f66be6590c24d995ae50db7941e5) Importer(815301076,1909f56bfc062723c751e8b465ee728b)  -> (artifact id: 'aacfe4290fba47feb8c926f5b5b1f747') in 0.003263 seconds 
========================================================================
Received Import Request.
  Time since last request: 1.415136 seconds.
  path: Assets/Prefabs/VictoriaDerrota Button.prefab
  artifactKey: Guid(2b19f66be6590c24d995ae50db7941e5) Importer(815301076,1909f56bfc062723c751e8b465ee728b)
Start importing Assets/Prefabs/VictoriaDerrota Button.prefab using Guid(2b19f66be6590c24d995ae50db7941e5) Importer(815301076,1909f56bfc062723c751e8b465ee728b)  -> (artifact id: '546d6bb7089fc79330350af7c26b840b') in 0.003588 seconds 
========================================================================
Received Import Request.
  Time since last request: 17.110722 seconds.
  path: Assets/Prefabs/VictoriaDerrota Button.prefab
  artifactKey: Guid(2b19f66be6590c24d995ae50db7941e5) Importer(815301076,1909f56bfc062723c751e8b465ee728b)
Start importing Assets/Prefabs/VictoriaDerrota Button.prefab using Guid(2b19f66be6590c24d995ae50db7941e5) Importer(815301076,1909f56bfc062723c751e8b465ee728b)  -> (artifact id: '08c83734254a1cfb39dc0c8123c0d9c8') in 0.003772 seconds 
========================================================================
Received Import Request.
  Time since last request: 11.282835 seconds.
  path: Assets/Prefabs/VictoriaDerrota Button.prefab
  artifactKey: Guid(2b19f66be6590c24d995ae50db7941e5) Importer(815301076,1909f56bfc062723c751e8b465ee728b)
Start importing Assets/Prefabs/VictoriaDerrota Button.prefab using Guid(2b19f66be6590c24d995ae50db7941e5) Importer(815301076,1909f56bfc062723c751e8b465ee728b)  -> (artifact id: '1d551df4ffc23f638bba6dae476ba3d5') in 0.003208 seconds 
========================================================================
Received Prepare
Registering precompiled user dll's ...
Registered in 0.004366 seconds.
Begin MonoManager ReloadAssembly
Symbol file LoadedFromMemory doesn't match image C:\Users\xcana\Documents\GitHub\DungeonHeroes\Library\PackageCache\com.unity.visualscripting@1.7.6\Editor\VisualScripting.Core\Dependencies\YamlDotNet\Unity.VisualScripting.YamlDotNet.dll
Symbol file LoadedFromMemory doesn't match image C:\Users\xcana\Documents\GitHub\DungeonHeroes\Library\PackageCache\com.unity.visualscripting@1.7.6\Editor\VisualScripting.Core\Dependencies\DotNetZip\Unity.VisualScripting.IonicZip.dll
Native extension for WindowsStandalone target not found
Refreshing native plugins compatible for Editor in 0.49 ms, found 4 plugins.
Preloading 0 native plugins for Editor in 0.00 ms.
Mono: successfully reloaded assembly
- Completed reload, in  0.578 seconds
Domain Reload Profiling:
	ReloadAssembly (578ms)
		BeginReloadAssembly (80ms)
			ExecutionOrderSort (0ms)
			DisableScriptedObjects (4ms)
			BackupInstance (0ms)
			ReleaseScriptingObjects (0ms)
			CreateAndSetChildDomain (24ms)
		EndReloadAssembly (443ms)
			LoadAssemblies (48ms)
			RebuildTransferFunctionScriptingTraits (0ms)
			SetupTypeCache (130ms)
			ReleaseScriptCaches (1ms)
			RebuildScriptCaches (25ms)
			SetupLoadedEditorAssemblies (206ms)
				LogAssemblyErrors (0ms)
				InitializePlatformSupportModulesInManaged (7ms)
				SetLoadedEditorAssemblies (0ms)
				RefreshPlugins (1ms)
				BeforeProcessingInitializeOnLoad (41ms)
				ProcessInitializeOnLoadAttributes (128ms)
				ProcessInitializeOnLoadMethodAttributes (25ms)
				AfterProcessingInitializeOnLoad (4ms)
				EditorAssembliesLoaded (0ms)
			ExecutionOrderSort2 (0ms)
			AwakeInstancesAfterBackupRestoration (6ms)
Platform modules already initialized, skipping
Refreshing native plugins compatible for Editor in 1.41 ms, found 4 plugins.
Preloading 0 native plugins for Editor in 0.00 ms.
Unloading 4068 Unused Serialized files (Serialized files now loaded: 0)
Unloading 24 unused Assets / (24.7 KB). Loaded Objects now: 4553.
Memory consumption went from 152.0 MB to 152.0 MB.
Total: 2.287700 ms (FindLiveObjects: 0.178800 ms CreateObjectMapping: 0.139200 ms MarkObjects: 1.952700 ms  DeleteObjects: 0.016400 ms)

AssetImportParameters requested are different than current active one (requested -> active):
  custom:video-decoder-ogg-theora: a1e56fd34408186e4bbccfd4996cb3dc -> 
  custom:container-muxer-webm: aa71ff27fc2769a1b78a27578f13a17b -> 
  custom:container-demuxer-webm: 4f35f7cbe854078d1ac9338744f61a02 -> 
  custom:video-encoder-webm-vp8: eb34c28f22e8b96e1ab97ce403110664 -> 
  custom:audio-encoder-webm-vorbis: bf7c407c2cedff20999df2af8eb42d56 -> 
  custom:framework-win-MediaFoundation: 216162199b28c13a410421893ffa2e32 -> 
  custom:container-demuxer-ogg: 62fdf1f143b41e24485cea50d1cbac27 -> 
  custom:video-decoder-webm-vp8: 9c59270c3fd7afecdb556c50c9e8de78 -> 
  custom:audio-decoder-ogg-vorbis: bf7c407c2cedff20999df2af8eb42d56 -> 
========================================================================
Received Import Request.
  Time since last request: 51.577200 seconds.
  path: Assets/Prefabs/VictoriaDerrota Button.prefab
  artifactKey: Guid(2b19f66be6590c24d995ae50db7941e5) Importer(815301076,1909f56bfc062723c751e8b465ee728b)
Start importing Assets/Prefabs/VictoriaDerrota Button.prefab using Guid(2b19f66be6590c24d995ae50db7941e5) Importer(815301076,1909f56bfc062723c751e8b465ee728b)  -> (artifact id: '77e0eb951839f0cbf363d74f9eb773f2') in 0.024038 seconds 
========================================================================
Received Import Request.
  Time since last request: 13.932645 seconds.
  path: Assets/Prefabs/VictoriaDerrota Button.prefab
  artifactKey: Guid(2b19f66be6590c24d995ae50db7941e5) Importer(815301076,1909f56bfc062723c751e8b465ee728b)
Start importing Assets/Prefabs/VictoriaDerrota Button.prefab using Guid(2b19f66be6590c24d995ae50db7941e5) Importer(815301076,1909f56bfc062723c751e8b465ee728b)  -> (artifact id: 'cf382681dd82d422ddc8ae51701a78c3') in 0.003510 seconds 
========================================================================
Received Import Request.
  Time since last request: 4.901874 seconds.
  path: Assets/Prefabs/VictoriaDerrota Button.prefab
  artifactKey: Guid(2b19f66be6590c24d995ae50db7941e5) Importer(815301076,1909f56bfc062723c751e8b465ee728b)
Start importing Assets/Prefabs/VictoriaDerrota Button.prefab using Guid(2b19f66be6590c24d995ae50db7941e5) Importer(815301076,1909f56bfc062723c751e8b465ee728b)  -> (artifact id: '381437f335c734c3fc56551a6847c308') in 0.003878 seconds 
========================================================================
Received Import Request.
  Time since last request: 6.498946 seconds.
  path: Assets/Prefabs/VictoriaDerrota Button.prefab
  artifactKey: Guid(2b19f66be6590c24d995ae50db7941e5) Importer(815301076,1909f56bfc062723c751e8b465ee728b)
Start importing Assets/Prefabs/VictoriaDerrota Button.prefab using Guid(2b19f66be6590c24d995ae50db7941e5) Importer(815301076,1909f56bfc062723c751e8b465ee728b)  -> (artifact id: '2411d79159a1e6b7434e460dd9800b91') in 0.003472 seconds 
========================================================================
Received Import Request.
  Time since last request: 2.655043 seconds.
  path: Assets/Prefabs/VictoriaDerrota Button.prefab
  artifactKey: Guid(2b19f66be6590c24d995ae50db7941e5) Importer(815301076,1909f56bfc062723c751e8b465ee728b)
Start importing Assets/Prefabs/VictoriaDerrota Button.prefab using Guid(2b19f66be6590c24d995ae50db7941e5) Importer(815301076,1909f56bfc062723c751e8b465ee728b)  -> (artifact id: 'ba77742976d724810804bba1d4899cd0') in 0.003114 seconds 
========================================================================
Received Prepare
Registering precompiled user dll's ...
Registered in 0.004010 seconds.
Begin MonoManager ReloadAssembly
Symbol file LoadedFromMemory doesn't match image C:\Users\xcana\Documents\GitHub\DungeonHeroes\Library\PackageCache\com.unity.visualscripting@1.7.6\Editor\VisualScripting.Core\Dependencies\YamlDotNet\Unity.VisualScripting.YamlDotNet.dll
Symbol file LoadedFromMemory doesn't match image C:\Users\xcana\Documents\GitHub\DungeonHeroes\Library\PackageCache\com.unity.visualscripting@1.7.6\Editor\VisualScripting.Core\Dependencies\DotNetZip\Unity.VisualScripting.IonicZip.dll
Native extension for WindowsStandalone target not found
Refreshing native plugins compatible for Editor in 0.46 ms, found 4 plugins.
Preloading 0 native plugins for Editor in 0.00 ms.
Mono: successfully reloaded assembly
- Completed reload, in  0.590 seconds
Domain Reload Profiling:
	ReloadAssembly (590ms)
		BeginReloadAssembly (81ms)
			ExecutionOrderSort (0ms)
			DisableScriptedObjects (4ms)
			BackupInstance (0ms)
			ReleaseScriptingObjects (0ms)
			CreateAndSetChildDomain (22ms)
		EndReloadAssembly (453ms)
			LoadAssemblies (48ms)
			RebuildTransferFunctionScriptingTraits (0ms)
			SetupTypeCache (131ms)
			ReleaseScriptCaches (1ms)
			RebuildScriptCaches (25ms)
			SetupLoadedEditorAssemblies (217ms)
				LogAssemblyErrors (0ms)
				InitializePlatformSupportModulesInManaged (8ms)
				SetLoadedEditorAssemblies (0ms)
				RefreshPlugins (0ms)
				BeforeProcessingInitializeOnLoad (42ms)
				ProcessInitializeOnLoadAttributes (138ms)
				ProcessInitializeOnLoadMethodAttributes (25ms)
				AfterProcessingInitializeOnLoad (3ms)
				EditorAssembliesLoaded (0ms)
			ExecutionOrderSort2 (0ms)
			AwakeInstancesAfterBackupRestoration (6ms)
Platform modules already initialized, skipping
Refreshing native plugins compatible for Editor in 1.46 ms, found 4 plugins.
Preloading 0 native plugins for Editor in 0.00 ms.
Unloading 4068 Unused Serialized files (Serialized files now loaded: 0)
Unloading 24 unused Assets / (24.6 KB). Loaded Objects now: 4556.
Memory consumption went from 152.0 MB to 152.0 MB.
Total: 2.153100 ms (FindLiveObjects: 0.189300 ms CreateObjectMapping: 0.091700 ms MarkObjects: 1.855200 ms  DeleteObjects: 0.016300 ms)

AssetImportParameters requested are different than current active one (requested -> active):
  custom:video-decoder-ogg-theora: a1e56fd34408186e4bbccfd4996cb3dc -> 
  custom:container-muxer-webm: aa71ff27fc2769a1b78a27578f13a17b -> 
  custom:container-demuxer-webm: 4f35f7cbe854078d1ac9338744f61a02 -> 
  custom:video-encoder-webm-vp8: eb34c28f22e8b96e1ab97ce403110664 -> 
  custom:audio-encoder-webm-vorbis: bf7c407c2cedff20999df2af8eb42d56 -> 
  custom:framework-win-MediaFoundation: 216162199b28c13a410421893ffa2e32 -> 
  custom:container-demuxer-ogg: 62fdf1f143b41e24485cea50d1cbac27 -> 
  custom:video-decoder-webm-vp8: 9c59270c3fd7afecdb556c50c9e8de78 -> 
  custom:audio-decoder-ogg-vorbis: bf7c407c2cedff20999df2af8eb42d56 -> 
========================================================================
Received Import Request.
  Time since last request: 46.115473 seconds.
  path: Assets/Prefabs/VictoriaDerrota Button.prefab
  artifactKey: Guid(2b19f66be6590c24d995ae50db7941e5) Importer(815301076,1909f56bfc062723c751e8b465ee728b)
Start importing Assets/Prefabs/VictoriaDerrota Button.prefab using Guid(2b19f66be6590c24d995ae50db7941e5) Importer(815301076,1909f56bfc062723c751e8b465ee728b)  -> (artifact id: '48204fc55ca9412cb4eee94aed750c2c') in 0.023556 seconds 
========================================================================
Received Import Request.
  Time since last request: 7.318270 seconds.
  path: Assets/Prefabs/VictoriaDerrota Button.prefab
  artifactKey: Guid(2b19f66be6590c24d995ae50db7941e5) Importer(815301076,1909f56bfc062723c751e8b465ee728b)
Start importing Assets/Prefabs/VictoriaDerrota Button.prefab using Guid(2b19f66be6590c24d995ae50db7941e5) Importer(815301076,1909f56bfc062723c751e8b465ee728b)  -> (artifact id: '8c6fdb017ac4b3b6054c1aec01b6dcf0') in 0.003228 seconds 
========================================================================
Received Import Request.
  Time since last request: 30.887906 seconds.
  path: Assets/Prefabs/VictoriaDerrota Button.prefab
  artifactKey: Guid(2b19f66be6590c24d995ae50db7941e5) Importer(815301076,1909f56bfc062723c751e8b465ee728b)
Start importing Assets/Prefabs/VictoriaDerrota Button.prefab using Guid(2b19f66be6590c24d995ae50db7941e5) Importer(815301076,1909f56bfc062723c751e8b465ee728b)  -> (artifact id: '96e85182b82496b086801d956dce3c27') in 0.003716 seconds 
========================================================================
Received Import Request.
  Time since last request: 2.436674 seconds.
  path: Assets/Prefabs/VictoriaDerrota Button.prefab
  artifactKey: Guid(2b19f66be6590c24d995ae50db7941e5) Importer(815301076,1909f56bfc062723c751e8b465ee728b)
Start importing Assets/Prefabs/VictoriaDerrota Button.prefab using Guid(2b19f66be6590c24d995ae50db7941e5) Importer(815301076,1909f56bfc062723c751e8b465ee728b)  -> (artifact id: 'c06977ae307c4a40ba72105a8647d918') in 0.003351 seconds 
========================================================================
Received Import Request.
  Time since last request: 9.063213 seconds.
  path: Assets/Prefabs/VictoriaDerrota Button.prefab
  artifactKey: Guid(2b19f66be6590c24d995ae50db7941e5) Importer(815301076,1909f56bfc062723c751e8b465ee728b)
Start importing Assets/Prefabs/VictoriaDerrota Button.prefab using Guid(2b19f66be6590c24d995ae50db7941e5) Importer(815301076,1909f56bfc062723c751e8b465ee728b)  -> (artifact id: 'e994184cd4040347639358431aa6a51c') in 0.004126 seconds 
========================================================================
Received Import Request.
  Time since last request: 6.185406 seconds.
  path: Assets/Prefabs/VictoriaDerrota Button.prefab
  artifactKey: Guid(2b19f66be6590c24d995ae50db7941e5) Importer(815301076,1909f56bfc062723c751e8b465ee728b)
Start importing Assets/Prefabs/VictoriaDerrota Button.prefab using Guid(2b19f66be6590c24d995ae50db7941e5) Importer(815301076,1909f56bfc062723c751e8b465ee728b)  -> (artifact id: '93077eb9d3e5d2c0a64a43b4c9557f3a') in 0.026708 seconds 
========================================================================
Received Import Request.
  Time since last request: 13.283817 seconds.
  path: Assets/Prefabs/VictoriaDerrota Button.prefab
  artifactKey: Guid(2b19f66be6590c24d995ae50db7941e5) Importer(815301076,1909f56bfc062723c751e8b465ee728b)
Start importing Assets/Prefabs/VictoriaDerrota Button.prefab using Guid(2b19f66be6590c24d995ae50db7941e5) Importer(815301076,1909f56bfc062723c751e8b465ee728b)  -> (artifact id: 'c4644ab8c6eb0409ac961db04c75098b') in 0.014638 seconds 
========================================================================
Received Import Request.
  Time since last request: 11.050901 seconds.
  path: Assets/Prefabs/VictoriaDerrota Button.prefab
  artifactKey: Guid(2b19f66be6590c24d995ae50db7941e5) Importer(815301076,1909f56bfc062723c751e8b465ee728b)
Start importing Assets/Prefabs/VictoriaDerrota Button.prefab using Guid(2b19f66be6590c24d995ae50db7941e5) Importer(815301076,1909f56bfc062723c751e8b465ee728b)  -> (artifact id: '3e92b8aa5acc32c3fe3588e4ae66d05e') in 0.012911 seconds 
========================================================================
Received Import Request.
  Time since last request: 8.833973 seconds.
  path: Assets/Prefabs/VictoriaDerrota Button.prefab
  artifactKey: Guid(2b19f66be6590c24d995ae50db7941e5) Importer(815301076,1909f56bfc062723c751e8b465ee728b)
Start importing Assets/Prefabs/VictoriaDerrota Button.prefab using Guid(2b19f66be6590c24d995ae50db7941e5) Importer(815301076,1909f56bfc062723c751e8b465ee728b)  -> (artifact id: 'a89eb0c0d35dc4c60debfc672e365714') in 0.013771 seconds 
========================================================================
Received Import Request.
  Time since last request: 128.811885 seconds.
  path: Assets/Prefabs/VictoriaDerrota Button.prefab
  artifactKey: Guid(2b19f66be6590c24d995ae50db7941e5) Importer(815301076,1909f56bfc062723c751e8b465ee728b)
Start importing Assets/Prefabs/VictoriaDerrota Button.prefab using Guid(2b19f66be6590c24d995ae50db7941e5) Importer(815301076,1909f56bfc062723c751e8b465ee728b)  -> (artifact id: 'c23d3ea0f7abaa34d36800ef0f278b57') in 0.031346 seconds 
========================================================================
Received Import Request.
  Time since last request: 1.580105 seconds.
  path: Assets/Prefabs/VictoriaDerrota Button.prefab
  artifactKey: Guid(2b19f66be6590c24d995ae50db7941e5) Importer(815301076,1909f56bfc062723c751e8b465ee728b)
Start importing Assets/Prefabs/VictoriaDerrota Button.prefab using Guid(2b19f66be6590c24d995ae50db7941e5) Importer(815301076,1909f56bfc062723c751e8b465ee728b)  -> (artifact id: '5f72d6ab9aa621ad9a6676aaf3395097') in 0.027911 seconds 
========================================================================
Received Prepare
Registering precompiled user dll's ...
Registered in 0.003479 seconds.
Begin MonoManager ReloadAssembly
Symbol file LoadedFromMemory doesn't match image C:\Users\xcana\Documents\GitHub\DungeonHeroes\Library\PackageCache\com.unity.visualscripting@1.7.6\Editor\VisualScripting.Core\Dependencies\YamlDotNet\Unity.VisualScripting.YamlDotNet.dll
Symbol file LoadedFromMemory doesn't match image C:\Users\xcana\Documents\GitHub\DungeonHeroes\Library\PackageCache\com.unity.visualscripting@1.7.6\Editor\VisualScripting.Core\Dependencies\DotNetZip\Unity.VisualScripting.IonicZip.dll
Native extension for WindowsStandalone target not found
Refreshing native plugins compatible for Editor in 0.51 ms, found 4 plugins.
Preloading 0 native plugins for Editor in 0.00 ms.
Mono: successfully reloaded assembly
- Completed reload, in  0.608 seconds
Domain Reload Profiling:
	ReloadAssembly (609ms)
		BeginReloadAssembly (81ms)
			ExecutionOrderSort (0ms)
			DisableScriptedObjects (4ms)
			BackupInstance (0ms)
			ReleaseScriptingObjects (0ms)
			CreateAndSetChildDomain (24ms)
		EndReloadAssembly (471ms)
			LoadAssemblies (47ms)
			RebuildTransferFunctionScriptingTraits (0ms)
			SetupTypeCache (134ms)
			ReleaseScriptCaches (1ms)
			RebuildScriptCaches (29ms)
			SetupLoadedEditorAssemblies (221ms)
				LogAssemblyErrors (0ms)
				InitializePlatformSupportModulesInManaged (8ms)
				SetLoadedEditorAssemblies (0ms)
				RefreshPlugins (1ms)
				BeforeProcessingInitializeOnLoad (45ms)
				ProcessInitializeOnLoadAttributes (137ms)
				ProcessInitializeOnLoadMethodAttributes (26ms)
				AfterProcessingInitializeOnLoad (4ms)
				EditorAssembliesLoaded (0ms)
			ExecutionOrderSort2 (0ms)
			AwakeInstancesAfterBackupRestoration (7ms)
Platform modules already initialized, skipping
Refreshing native plugins compatible for Editor in 1.44 ms, found 4 plugins.
Preloading 0 native plugins for Editor in 0.00 ms.
Unloading 4068 Unused Serialized files (Serialized files now loaded: 0)
Unloading 24 unused Assets / (24.7 KB). Loaded Objects now: 4559.
Memory consumption went from 152.0 MB to 152.0 MB.
Total: 2.139900 ms (FindLiveObjects: 0.193200 ms CreateObjectMapping: 0.118100 ms MarkObjects: 1.813200 ms  DeleteObjects: 0.014700 ms)

AssetImportParameters requested are different than current active one (requested -> active):
  custom:video-decoder-ogg-theora: a1e56fd34408186e4bbccfd4996cb3dc -> 
  custom:container-muxer-webm: aa71ff27fc2769a1b78a27578f13a17b -> 
  custom:container-demuxer-webm: 4f35f7cbe854078d1ac9338744f61a02 -> 
  custom:video-encoder-webm-vp8: eb34c28f22e8b96e1ab97ce403110664 -> 
  custom:audio-encoder-webm-vorbis: bf7c407c2cedff20999df2af8eb42d56 -> 
  custom:framework-win-MediaFoundation: 216162199b28c13a410421893ffa2e32 -> 
  custom:container-demuxer-ogg: 62fdf1f143b41e24485cea50d1cbac27 -> 
  custom:video-decoder-webm-vp8: 9c59270c3fd7afecdb556c50c9e8de78 -> 
  custom:audio-decoder-ogg-vorbis: bf7c407c2cedff20999df2af8eb42d56 -> 
